<?xml version="1.0" encoding="UTF-8" ?>
<testsuite tests="5" failures="0" name="com.capg.test.bankapp.BankAppTest" time="0.24" errors="0" skipped="0">
  <properties>
[...]
</properties>
  <testcase classname="com.capg.test.bankapp.BankAppTest" name="test_CreateAccountMethod_with_null_customer" time="0.202"/>
  <testcase classname="com.capg.test.bankapp.BankAppTest" name="test_CreateAccountMethod_with_Invalid_openingBalance" time="0.004"/>
  <testcase classname="com.capg.test.bankapp.BankAppTest" name="test_loop" time="0.002"/>
  <testcase classname="com.capg.test.bankapp.BankAppTest" name="test_createAccountMethod_withValidCustomerAndBalance" time="0.03"/>
  <testcase classname="com.capg.test.bankapp.BankAppTest" name="test_depositMethod_with_valid_openingBalance" time="0.002"/>
</testsuite>